<?xml version="1.0" encoding="UTF-8"?>
<!-- Generated by org.testng.reporters.JUnitXMLReporter -->
<testsuite hostname="ArunSE-PC" ignored="0" name="Test" tests="10" failures="0" timestamp="10 Sep 2019 08:12:06 GMT" time="39.994" errors="0">
  <testcase name="addToCart" time="0.008" classname="testngPractice.TC_002"/>
  <testcase name="enterURL" time="16.724" classname="testngPractice.TC_002"/>
  <testcase name="searchProduct" time="0.002" classname="testngPractice.TC_002"/>
  <testcase name="verifyProduct" time="0.009" classname="testngPractice.TC_002"/>
  <testcase name="addToCart" time="0.002" classname="testngPractice.TC_001"/>
  <testcase name="enterURL" time="5.817" classname="testngPractice.TC_001"/>
  <testcase name="searchProduct" time="0.002" classname="testngPractice.TC_001"/>
  <testcase name="verifyProduct" time="0.005" classname="testngPractice.TC_001"/>
  <testcase name="googleLogoTest" time="0.12" classname="testngPractice.AssertPractice"/>
  <testcase name="googleTitleText" time="0.01" classname="testngPractice.AssertPractice"/>
</testsuite> <!-- Test -->
