<?xml version="1.0" encoding="UTF-8"?>
<!-- Generated by org.testng.reporters.JUnitXMLReporter -->
<testsuite hostname="ArunSE-PC" ignored="0" name="Test" tests="10" failures="0" timestamp="28 Aug 2019 14:17:01 GMT" time="51.071" errors="0">
  <testcase name="addToCart" time="0.007" classname="testngPractice.TC_002"/>
  <testcase name="enterURL" time="16.118" classname="testngPractice.TC_002"/>
  <testcase name="searchProduct" time="0.002" classname="testngPractice.TC_002"/>
  <testcase name="verifyProduct" time="0.002" classname="testngPractice.TC_002"/>
  <testcase name="addToCart" time="0.006" classname="testngPractice.TC_001"/>
  <testcase name="enterURL" time="5.893" classname="testngPractice.TC_001"/>
  <testcase name="searchProduct" time="0.002" classname="testngPractice.TC_001"/>
  <testcase name="verifyProduct" time="0.001" classname="testngPractice.TC_001"/>
  <testcase name="googleLogoTest" time="0.083" classname="testngPractice.AssertPractice"/>
  <testcase name="googleTitleText" time="0.031" classname="testngPractice.AssertPractice"/>
</testsuite> <!-- Test -->
