<?xml version="1.0" encoding="UTF-8"?>
<testng-results skipped="0" failed="0" ignored="0" total="1" passed="1">
  <reporter-output>
  </reporter-output>
  <suite name="Default suite" duration-ms="23949" started-at="2019-09-09T10:01:30Z" finished-at="2019-09-09T10:01:54Z">
    <groups>
    </groups>
    <test name="Default test" duration-ms="23949" started-at="2019-09-09T10:01:30Z" finished-at="2019-09-09T10:01:54Z">
      <class name="seleniumConcepts.seleniumXpath">
        <test-method status="PASS" signature="openbrowser()[pri:0, instance:seleniumConcepts.seleniumXpath@5b275dab]" name="openbrowser" is-config="true" duration-ms="3705" started-at="2019-09-09T10:01:30Z" finished-at="2019-09-09T10:01:34Z">
          <reporter-output>
          </reporter-output>
        </test-method> <!-- openbrowser -->
        <test-method status="PASS" signature="googleTitleText()[pri:0, instance:seleniumConcepts.seleniumXpath@5b275dab]" name="googleTitleText" duration-ms="19002" started-at="2019-09-09T10:01:34Z" finished-at="2019-09-09T10:01:53Z">
          <reporter-output>
          </reporter-output>
        </test-method> <!-- googleTitleText -->
        <test-method status="PASS" signature="closeBrowser()[pri:0, instance:seleniumConcepts.seleniumXpath@5b275dab]" name="closeBrowser" is-config="true" duration-ms="1218" started-at="2019-09-09T10:01:53Z" finished-at="2019-09-09T10:01:54Z">
          <reporter-output>
          </reporter-output>
        </test-method> <!-- closeBrowser -->
      </class> <!-- seleniumConcepts.seleniumXpath -->
    </test> <!-- Default test -->
  </suite> <!-- Default suite -->
</testng-results>
