<?xml version="1.0" encoding="UTF-8"?>
<!-- Generated by org.testng.reporters.JUnitXMLReporter -->
<testsuite hostname="ArunSE-PC" ignored="0" name="Smoke Test" tests="4" failures="0" timestamp="24 Aug 2019 19:21:33 GMT" time="15.099" errors="0">
  <testcase name="enterURL" time="9.837" classname="mavenTestNG.TC_002"/>
  <testcase name="searchProduct" time="0.002" classname="mavenTestNG.TC_002"/>
  <testcase name="enterURL" time="9.756" classname="mavenTestNG.TC_001"/>
  <testcase name="searchProduct" time="0.002" classname="mavenTestNG.TC_001"/>
</testsuite> <!-- Smoke Test -->
